Using pre-set license

 COMMAND LINE ARGUMENTS:
/Applications/Unity/Unity.app/Contents/MacOS/Unity
-adb2
-batchMode
-noUpm
-name
AssetImportWorker0
-projectPath
/Users/hina/Desktop/AI/Project/AI Project
-logFile
Logs/AssetImportWorker0.log
-srvPort
49746
Successfully changed project path to: /Users/hina/Desktop/AI/Project/AI Project
/Users/hina/Desktop/AI/Project/AI Project
Using Asset Import Pipeline V2.
Refreshing native plugins compatible for Editor in 74.16 ms, found 1 plugins.
Preloading 0 native plugins for Editor in 0.00 ms.
Initialize engine version: 2021.1.5f1 (3737af19df53)
[Subsystems] Discovering subsystems at path /Applications/Unity/Unity.app/Contents/Resources/UnitySubsystems
[Subsystems] Discovering subsystems at path /Users/hina/Desktop/AI/Project/AI Project/Assets
GfxDevice: creating device client; threaded=0; jobified=0
2021-07-06 09:09:49.683 Unity[2324:21260] (null) preferred device: Apple M1 (high power)
2021-07-06 09:09:49.683 Unity[2324:21260] Metal devices available: 1
2021-07-06 09:09:49.683 Unity[2324:21260] 0: Apple M1 (high power)
2021-07-06 09:09:49.683 Unity[2324:21260] Using device Apple M1 (high power)
Initializing Metal device caps: Apple M1
Initialize mono
Mono path[0] = '/Applications/Unity/Unity.app/Contents/Managed'
Mono path[1] = '/Applications/Unity/Unity.app/Contents/MonoBleedingEdge/lib/mono/unityjit'
Mono config path = '/Applications/Unity/Unity.app/Contents/MonoBleedingEdge/etc'
Using monoOptions --debugger-agent=transport=dt_socket,embedding=1,server=y,suspend=n,address=127.0.0.1:56324
Begin MonoManager ReloadAssembly
Registering precompiled unity dll's ...
Register platform support module: /Applications/Unity/Unity.app/Contents/PlaybackEngines/MacStandaloneSupport/UnityEditor.OSXStandalone.Extensions.dll
Registered in 0.001187 seconds.
Native extension for OSXStandalone target not found
Refreshing native plugins compatible for Editor in 78.62 ms, found 1 plugins.
Preloading 0 native plugins for Editor in 0.00 ms.
Mono: successfully reloaded assembly
- Completed reload, in  2.541 seconds
Platform modules already initialized, skipping
Registering precompiled user dll's ...
Registered in 0.002318 seconds.
Begin MonoManager ReloadAssembly
Native extension for OSXStandalone target not found
Refreshing native plugins compatible for Editor in 0.45 ms, found 1 plugins.
Preloading 0 native plugins for Editor in 0.00 ms.
Mono: successfully reloaded assembly
- Completed reload, in  2.079 seconds
Platform modules already initialized, skipping
========================================================================
Worker process is ready to serve import requests
Launching external process: /Applications/Unity/Unity.app/Contents/Tools/UnityShaderCompiler
Launched and connected shader compiler UnityShaderCompiler after 0.04 seconds
Refreshing native plugins compatible for Editor in 0.44 ms, found 1 plugins.
Preloading 0 native plugins for Editor in 0.00 ms.
Unloading 2677 Unused Serialized files (Serialized files now loaded: 0)
System memory in use before: 165.9 MB.
System memory in use after: 166.1 MB.

Unloading 14 unused Assets to reduce memory usage. Loaded Objects now: 3131.
Total: 1.507167 ms (FindLiveObjects: 0.141375 ms CreateObjectMapping: 0.056458 ms MarkObjects: 1.249500 ms  DeleteObjects: 0.058542 ms)

========================================================================
Received Import Request.
  path: Assets/Scripts/HomeCreator.cs
  artifactKey: Guid(b97b00607e06c994e863dbf8c0db3a1d) Importer(815301076,1909f56bfc062723c751e8b465ee728b)
Start importing Assets/Scripts/HomeCreator.cs using Guid(b97b00607e06c994e863dbf8c0db3a1d) Importer(815301076,1909f56bfc062723c751e8b465ee728b)  -> (artifact id: '65a325be87167b181f68c997660effb8') in 1.601206 seconds 
========================================================================
Received Prepare
Registering precompiled user dll's ...
Registered in 0.001566 seconds.
Begin MonoManager ReloadAssembly
Native extension for OSXStandalone target not found
Refreshing native plugins compatible for Editor in 0.49 ms, found 1 plugins.
Preloading 0 native plugins for Editor in 0.00 ms.
Mono: successfully reloaded assembly
- Completed reload, in  2.102 seconds
Platform modules already initialized, skipping
Refreshing native plugins compatible for Editor in 0.44 ms, found 1 plugins.
Preloading 0 native plugins for Editor in 0.00 ms.
Unloading 2670 Unused Serialized files (Serialized files now loaded: 0)
System memory in use before: 170.2 MB.
System memory in use after: 170.5 MB.

Unloading 10 unused Assets to reduce memory usage. Loaded Objects now: 3133.
Total: 1.643292 ms (FindLiveObjects: 0.133458 ms CreateObjectMapping: 0.058291 ms MarkObjects: 1.431292 ms  DeleteObjects: 0.018958 ms)

========================================================================
Received Import Request.
  Time since last request: 49.808115 seconds.
  path: Assets/Scripts/DoorCreator.cs
  artifactKey: Guid(5521fb427a50c4164a43ae1a26409938) Importer(815301076,1909f56bfc062723c751e8b465ee728b)
Start importing Assets/Scripts/DoorCreator.cs using Guid(5521fb427a50c4164a43ae1a26409938) Importer(815301076,1909f56bfc062723c751e8b465ee728b)  -> (artifact id: '3fb2f8581c7c84edea565dad14a72329') in 0.009138 seconds 
========================================================================
Received Prepare
Registering precompiled user dll's ...
Registered in 0.001426 seconds.
Begin MonoManager ReloadAssembly
Native extension for OSXStandalone target not found
Refreshing native plugins compatible for Editor in 0.44 ms, found 1 plugins.
Preloading 0 native plugins for Editor in 0.00 ms.
Mono: successfully reloaded assembly
- Completed reload, in  1.905 seconds
Platform modules already initialized, skipping
Refreshing native plugins compatible for Editor in 0.50 ms, found 1 plugins.
Preloading 0 native plugins for Editor in 0.00 ms.
Unloading 2669 Unused Serialized files (Serialized files now loaded: 0)
System memory in use before: 170.5 MB.
System memory in use after: 170.7 MB.

Unloading 10 unused Assets to reduce memory usage. Loaded Objects now: 3135.
Total: 1.489458 ms (FindLiveObjects: 0.130750 ms CreateObjectMapping: 0.055833 ms MarkObjects: 1.271958 ms  DeleteObjects: 0.029375 ms)

========================================================================
Received Import Request.
  Time since last request: 44.676862 seconds.
  path: Assets/Scripts/Node.cs
  artifactKey: Guid(6832734dc7f64a440b5150feccae59d6) Importer(815301076,1909f56bfc062723c751e8b465ee728b)
Start importing Assets/Scripts/Node.cs using Guid(6832734dc7f64a440b5150feccae59d6) Importer(815301076,1909f56bfc062723c751e8b465ee728b)  -> (artifact id: '83185510c8036ae5aef2fabc44de7a15') in 0.022550 seconds 
========================================================================
Received Import Request.
  Time since last request: 0.495789 seconds.
  path: Assets/Scripts/Line.cs
  artifactKey: Guid(606e149df7e3e274a9196a75a6c04f94) Importer(815301076,1909f56bfc062723c751e8b465ee728b)
Start importing Assets/Scripts/Line.cs using Guid(606e149df7e3e274a9196a75a6c04f94) Importer(815301076,1909f56bfc062723c751e8b465ee728b)  -> (artifact id: '1ef871057ebd1dd246ad6544f2a24fa3') in 0.001858 seconds 
========================================================================
Received Import Request.
  Time since last request: 1.326877 seconds.
  path: Assets/Scripts/RoomNode.cs
  artifactKey: Guid(736a25577f3d659458b1e194b4266fa5) Importer(815301076,1909f56bfc062723c751e8b465ee728b)
Start importing Assets/Scripts/RoomNode.cs using Guid(736a25577f3d659458b1e194b4266fa5) Importer(815301076,1909f56bfc062723c751e8b465ee728b)  -> (artifact id: '9ff928f573b5e1dbd90e3d87ee07ed00') in 0.001850 seconds 
========================================================================
Received Import Request.
  Time since last request: 1.237387 seconds.
  path: Assets/Scripts/Room.cs
  artifactKey: Guid(7bc03fa4020b94877b69fa9a7549b374) Importer(815301076,1909f56bfc062723c751e8b465ee728b)
Start importing Assets/Scripts/Room.cs using Guid(7bc03fa4020b94877b69fa9a7549b374) Importer(815301076,1909f56bfc062723c751e8b465ee728b)  -> (artifact id: 'e8732e60e08c17938ee1818815161252') in 0.001851 seconds 
========================================================================
Received Prepare
Registering precompiled user dll's ...
Registered in 0.001539 seconds.
Begin MonoManager ReloadAssembly
Native extension for OSXStandalone target not found
Refreshing native plugins compatible for Editor in 0.44 ms, found 1 plugins.
Preloading 0 native plugins for Editor in 0.00 ms.
Mono: successfully reloaded assembly
- Completed reload, in  1.954 seconds
Platform modules already initialized, skipping
Refreshing native plugins compatible for Editor in 0.43 ms, found 1 plugins.
Preloading 0 native plugins for Editor in 0.00 ms.
Unloading 2669 Unused Serialized files (Serialized files now loaded: 0)
System memory in use before: 170.7 MB.
System memory in use after: 170.9 MB.

Unloading 9 unused Assets to reduce memory usage. Loaded Objects now: 3138.
Total: 1.446042 ms (FindLiveObjects: 0.123959 ms CreateObjectMapping: 0.056125 ms MarkObjects: 1.242416 ms  DeleteObjects: 0.022417 ms)

