Using pre-set license

 COMMAND LINE ARGUMENTS:
/Applications/Unity/Unity.app/Contents/MacOS/Unity
-adb2
-batchMode
-noUpm
-name
AssetImportWorker0
-projectPath
/Users/hina/Desktop/AI/Project/AI Project
-logFile
Logs/AssetImportWorker0.log
-srvPort
49437
Successfully changed project path to: /Users/hina/Desktop/AI/Project/AI Project
/Users/hina/Desktop/AI/Project/AI Project
Using Asset Import Pipeline V2.
Refreshing native plugins compatible for Editor in 77.75 ms, found 1 plugins.
Preloading 0 native plugins for Editor in 0.00 ms.
Initialize engine version: 2021.1.5f1 (3737af19df53)
[Subsystems] Discovering subsystems at path /Applications/Unity/Unity.app/Contents/Resources/UnitySubsystems
[Subsystems] Discovering subsystems at path /Users/hina/Desktop/AI/Project/AI Project/Assets
GfxDevice: creating device client; threaded=0; jobified=0
2021-07-05 10:16:52.585 Unity[1179:11215] (null) preferred device: Apple M1 (high power)
2021-07-05 10:16:52.585 Unity[1179:11215] Metal devices available: 1
2021-07-05 10:16:52.585 Unity[1179:11215] 0: Apple M1 (high power)
2021-07-05 10:16:52.585 Unity[1179:11215] Using device Apple M1 (high power)
Initializing Metal device caps: Apple M1
Initialize mono
Mono path[0] = '/Applications/Unity/Unity.app/Contents/Managed'
Mono path[1] = '/Applications/Unity/Unity.app/Contents/MonoBleedingEdge/lib/mono/unityjit'
Mono config path = '/Applications/Unity/Unity.app/Contents/MonoBleedingEdge/etc'
Using monoOptions --debugger-agent=transport=dt_socket,embedding=1,server=y,suspend=n,address=127.0.0.1:56179
Begin MonoManager ReloadAssembly
Registering precompiled unity dll's ...
Register platform support module: /Applications/Unity/Unity.app/Contents/PlaybackEngines/MacStandaloneSupport/UnityEditor.OSXStandalone.Extensions.dll
Registered in 0.000991 seconds.
Native extension for OSXStandalone target not found
Refreshing native plugins compatible for Editor in 79.83 ms, found 1 plugins.
Preloading 0 native plugins for Editor in 0.00 ms.
Mono: successfully reloaded assembly
- Completed reload, in  2.524 seconds
Platform modules already initialized, skipping
Registering precompiled user dll's ...
Registered in 0.002239 seconds.
Begin MonoManager ReloadAssembly
Native extension for OSXStandalone target not found
Refreshing native plugins compatible for Editor in 0.45 ms, found 1 plugins.
Preloading 0 native plugins for Editor in 0.00 ms.
Mono: successfully reloaded assembly
- Completed reload, in  2.124 seconds
Platform modules already initialized, skipping
========================================================================
Worker process is ready to serve import requests
Launching external process: /Applications/Unity/Unity.app/Contents/Tools/UnityShaderCompiler
Launched and connected shader compiler UnityShaderCompiler after 0.03 seconds
Refreshing native plugins compatible for Editor in 0.44 ms, found 1 plugins.
Preloading 0 native plugins for Editor in 0.00 ms.
Unloading 2677 Unused Serialized files (Serialized files now loaded: 0)
System memory in use before: 165.9 MB.
System memory in use after: 166.1 MB.

Unloading 14 unused Assets to reduce memory usage. Loaded Objects now: 3131.
Total: 1.508583 ms (FindLiveObjects: 0.133083 ms CreateObjectMapping: 0.055917 ms MarkObjects: 1.261625 ms  DeleteObjects: 0.056875 ms)

========================================================================
Received Import Request.
  path: Assets/Scripts/HomeCreator.cs
  artifactKey: Guid(b97b00607e06c994e863dbf8c0db3a1d) Importer(815301076,1909f56bfc062723c751e8b465ee728b)
Start importing Assets/Scripts/HomeCreator.cs using Guid(b97b00607e06c994e863dbf8c0db3a1d) Importer(815301076,1909f56bfc062723c751e8b465ee728b)  -> (artifact id: '49ddb11b7b73c769c87042c4bd4ab529') in 1.608448 seconds 
========================================================================
Received Prepare
Registering precompiled user dll's ...
Registered in 0.001195 seconds.
Begin MonoManager ReloadAssembly
Native extension for OSXStandalone target not found
Refreshing native plugins compatible for Editor in 0.43 ms, found 1 plugins.
Preloading 0 native plugins for Editor in 0.00 ms.
Mono: successfully reloaded assembly
- Completed reload, in  1.949 seconds
Platform modules already initialized, skipping
Refreshing native plugins compatible for Editor in 0.49 ms, found 1 plugins.
Preloading 0 native plugins for Editor in 0.00 ms.
Unloading 2671 Unused Serialized files (Serialized files now loaded: 0)
System memory in use before: 170.2 MB.
System memory in use after: 170.4 MB.

Unloading 9 unused Assets to reduce memory usage. Loaded Objects now: 3134.
Total: 1.404667 ms (FindLiveObjects: 0.139208 ms CreateObjectMapping: 0.060333 ms MarkObjects: 1.183500 ms  DeleteObjects: 0.020625 ms)

========================================================================
Received Import Request.
  Time since last request: 1515.619705 seconds.
  path: Assets/Scripts/HomeCreator.cs
  artifactKey: Guid(b97b00607e06c994e863dbf8c0db3a1d) Importer(815301076,1909f56bfc062723c751e8b465ee728b)
Start importing Assets/Scripts/HomeCreator.cs using Guid(b97b00607e06c994e863dbf8c0db3a1d) Importer(815301076,1909f56bfc062723c751e8b465ee728b)  -> (artifact id: 'f3412465c20abc71b2516b16917b63e3') in 0.009288 seconds 
========================================================================
Received Import Request.
  Time since last request: 20.045852 seconds.
  path: Assets/Prefabs/floor.mat
  artifactKey: Guid(135550a6303d040b1a726190563fc37c) Importer(815301076,1909f56bfc062723c751e8b465ee728b)
Start importing Assets/Prefabs/floor.mat using Guid(135550a6303d040b1a726190563fc37c) Importer(815301076,1909f56bfc062723c751e8b465ee728b)  -> (artifact id: '681506dc26d27b6c4ba1fd9e7ad13812') in 0.821122 seconds 
========================================================================
Received Prepare
Registering precompiled user dll's ...
Registered in 0.002000 seconds.
Begin MonoManager ReloadAssembly
Native extension for OSXStandalone target not found
Refreshing native plugins compatible for Editor in 0.44 ms, found 1 plugins.
Preloading 0 native plugins for Editor in 0.00 ms.
Mono: successfully reloaded assembly
- Completed reload, in  2.010 seconds
Platform modules already initialized, skipping
Refreshing native plugins compatible for Editor in 0.43 ms, found 1 plugins.
Preloading 0 native plugins for Editor in 0.00 ms.
Unloading 2671 Unused Serialized files (Serialized files now loaded: 0)
System memory in use before: 179.1 MB.
System memory in use after: 179.3 MB.

Unloading 9 unused Assets to reduce memory usage. Loaded Objects now: 3177.
Total: 1.433250 ms (FindLiveObjects: 0.139000 ms CreateObjectMapping: 0.055958 ms MarkObjects: 1.224083 ms  DeleteObjects: 0.013333 ms)

========================================================================
Received Prepare
Registering precompiled user dll's ...
Registered in 0.002920 seconds.
Begin MonoManager ReloadAssembly
Native extension for OSXStandalone target not found
Refreshing native plugins compatible for Editor in 0.44 ms, found 1 plugins.
Preloading 0 native plugins for Editor in 0.00 ms.
Mono: successfully reloaded assembly
- Completed reload, in  1.961 seconds
Platform modules already initialized, skipping
Refreshing native plugins compatible for Editor in 0.44 ms, found 1 plugins.
Preloading 0 native plugins for Editor in 0.00 ms.
Unloading 2671 Unused Serialized files (Serialized files now loaded: 0)
System memory in use before: 179.3 MB.
System memory in use after: 179.6 MB.

Unloading 9 unused Assets to reduce memory usage. Loaded Objects now: 3180.
Total: 1.412125 ms (FindLiveObjects: 0.150125 ms CreateObjectMapping: 0.057125 ms MarkObjects: 1.180708 ms  DeleteObjects: 0.023291 ms)

========================================================================
Received Prepare
Registering precompiled user dll's ...
Registered in 0.001417 seconds.
Begin MonoManager ReloadAssembly
Native extension for OSXStandalone target not found
Refreshing native plugins compatible for Editor in 0.45 ms, found 1 plugins.
Preloading 0 native plugins for Editor in 0.00 ms.
Mono: successfully reloaded assembly
- Completed reload, in  1.913 seconds
Platform modules already initialized, skipping
Refreshing native plugins compatible for Editor in 0.43 ms, found 1 plugins.
Preloading 0 native plugins for Editor in 0.00 ms.
Unloading 2671 Unused Serialized files (Serialized files now loaded: 0)
System memory in use before: 179.5 MB.
System memory in use after: 179.8 MB.

Unloading 9 unused Assets to reduce memory usage. Loaded Objects now: 3183.
Total: 1.427334 ms (FindLiveObjects: 0.135000 ms CreateObjectMapping: 0.055833 ms MarkObjects: 1.216500 ms  DeleteObjects: 0.018750 ms)

========================================================================
Received Prepare
Registering precompiled user dll's ...
Registered in 0.001580 seconds.
Begin MonoManager ReloadAssembly
Native extension for OSXStandalone target not found
Refreshing native plugins compatible for Editor in 0.50 ms, found 1 plugins.
Preloading 0 native plugins for Editor in 0.00 ms.
Mono: successfully reloaded assembly
- Completed reload, in  1.992 seconds
Platform modules already initialized, skipping
Refreshing native plugins compatible for Editor in 0.43 ms, found 1 plugins.
Preloading 0 native plugins for Editor in 0.00 ms.
Unloading 2671 Unused Serialized files (Serialized files now loaded: 0)
System memory in use before: 179.8 MB.
System memory in use after: 180.0 MB.

Unloading 9 unused Assets to reduce memory usage. Loaded Objects now: 3186.
Total: 1.368083 ms (FindLiveObjects: 0.137917 ms CreateObjectMapping: 0.057583 ms MarkObjects: 1.148708 ms  DeleteObjects: 0.022833 ms)

========================================================================
Received Prepare
Registering precompiled user dll's ...
Registered in 0.001451 seconds.
Begin MonoManager ReloadAssembly
Native extension for OSXStandalone target not found
Refreshing native plugins compatible for Editor in 0.46 ms, found 1 plugins.
Preloading 0 native plugins for Editor in 0.00 ms.
Mono: successfully reloaded assembly
- Completed reload, in  1.958 seconds
Platform modules already initialized, skipping
Refreshing native plugins compatible for Editor in 0.43 ms, found 1 plugins.
Preloading 0 native plugins for Editor in 0.00 ms.
Unloading 2671 Unused Serialized files (Serialized files now loaded: 0)
System memory in use before: 179.9 MB.
System memory in use after: 180.2 MB.

Unloading 9 unused Assets to reduce memory usage. Loaded Objects now: 3189.
Total: 1.381958 ms (FindLiveObjects: 0.152417 ms CreateObjectMapping: 0.055958 ms MarkObjects: 1.151750 ms  DeleteObjects: 0.021000 ms)

========================================================================
Received Prepare
Registering precompiled user dll's ...
Registered in 0.002051 seconds.
Begin MonoManager ReloadAssembly
Native extension for OSXStandalone target not found
Refreshing native plugins compatible for Editor in 0.44 ms, found 1 plugins.
Preloading 0 native plugins for Editor in 0.00 ms.
Mono: successfully reloaded assembly
- Completed reload, in  1.968 seconds
Platform modules already initialized, skipping
Refreshing native plugins compatible for Editor in 0.44 ms, found 1 plugins.
Preloading 0 native plugins for Editor in 0.00 ms.
Unloading 2671 Unused Serialized files (Serialized files now loaded: 0)
System memory in use before: 180.1 MB.
System memory in use after: 180.4 MB.

Unloading 9 unused Assets to reduce memory usage. Loaded Objects now: 3192.
Total: 1.417083 ms (FindLiveObjects: 0.157834 ms CreateObjectMapping: 0.056792 ms MarkObjects: 1.184333 ms  DeleteObjects: 0.016875 ms)

========================================================================
Received Prepare
Registering precompiled user dll's ...
Registered in 0.002083 seconds.
Begin MonoManager ReloadAssembly
Native extension for OSXStandalone target not found
Refreshing native plugins compatible for Editor in 0.46 ms, found 1 plugins.
Preloading 0 native plugins for Editor in 0.00 ms.
Mono: successfully reloaded assembly
- Completed reload, in  1.989 seconds
Platform modules already initialized, skipping
Refreshing native plugins compatible for Editor in 0.43 ms, found 1 plugins.
Preloading 0 native plugins for Editor in 0.00 ms.
Unloading 2671 Unused Serialized files (Serialized files now loaded: 0)
System memory in use before: 180.4 MB.
System memory in use after: 180.6 MB.

Unloading 9 unused Assets to reduce memory usage. Loaded Objects now: 3195.
Total: 1.387417 ms (FindLiveObjects: 0.134042 ms CreateObjectMapping: 0.057917 ms MarkObjects: 1.172542 ms  DeleteObjects: 0.021875 ms)

========================================================================
Received Prepare
Registering precompiled user dll's ...
Registered in 0.001373 seconds.
Begin MonoManager ReloadAssembly
Native extension for OSXStandalone target not found
Refreshing native plugins compatible for Editor in 0.44 ms, found 1 plugins.
Preloading 0 native plugins for Editor in 0.00 ms.
Mono: successfully reloaded assembly
- Completed reload, in  1.902 seconds
Platform modules already initialized, skipping
Refreshing native plugins compatible for Editor in 0.42 ms, found 1 plugins.
Preloading 0 native plugins for Editor in 0.00 ms.
Unloading 2671 Unused Serialized files (Serialized files now loaded: 0)
System memory in use before: 180.6 MB.
System memory in use after: 180.8 MB.

Unloading 9 unused Assets to reduce memory usage. Loaded Objects now: 3198.
Total: 1.355791 ms (FindLiveObjects: 0.121666 ms CreateObjectMapping: 0.055083 ms MarkObjects: 1.154083 ms  DeleteObjects: 0.023875 ms)

========================================================================
Received Prepare
Registering precompiled user dll's ...
Registered in 0.001922 seconds.
Begin MonoManager ReloadAssembly
Native extension for OSXStandalone target not found
Refreshing native plugins compatible for Editor in 0.44 ms, found 1 plugins.
Preloading 0 native plugins for Editor in 0.00 ms.
Mono: successfully reloaded assembly
- Completed reload, in  1.962 seconds
Platform modules already initialized, skipping
Refreshing native plugins compatible for Editor in 0.43 ms, found 1 plugins.
Preloading 0 native plugins for Editor in 0.00 ms.
Unloading 2671 Unused Serialized files (Serialized files now loaded: 0)
System memory in use before: 180.8 MB.
System memory in use after: 181.0 MB.

Unloading 9 unused Assets to reduce memory usage. Loaded Objects now: 3201.
Total: 1.375208 ms (FindLiveObjects: 0.141375 ms CreateObjectMapping: 0.055875 ms MarkObjects: 1.160667 ms  DeleteObjects: 0.016208 ms)

